c:\users\hsiehyubin\source\repos\eric-hung-github\oop_final_project\final_project\x64\debug\vc142.pdb
c:\users\hsiehyubin\source\repos\eric-hung-github\oop_final_project\final_project\x64\debug\vc142.idb
c:\users\hsiehyubin\source\repos\eric-hung-github\oop_final_project\final_project\x64\debug\postition.obj
c:\users\hsiehyubin\source\repos\eric-hung-github\oop_final_project\final_project\x64\debug\monsterskill.obj
c:\users\hsiehyubin\source\repos\eric-hung-github\oop_final_project\final_project\x64\debug\monster.obj
c:\users\hsiehyubin\source\repos\eric-hung-github\oop_final_project\final_project\x64\debug\mapdata.obj
c:\users\hsiehyubin\source\repos\eric-hung-github\oop_final_project\final_project\x64\debug\final_project.obj
c:\users\hsiehyubin\source\repos\eric-hung-github\oop_final_project\final_project\x64\debug\character.obj
c:\users\hsiehyubin\source\repos\eric-hung-github\oop_final_project\final_project\x64\debug\skill.obj
c:\users\hsiehyubin\source\repos\eric-hung-github\oop_final_project\final_project\x64\debug\monsterdata.obj
c:\users\hsiehyubin\source\repos\eric-hung-github\oop_final_project\final_project\x64\debug\gloomhaven.obj
c:\users\hsiehyubin\source\repos\eric-hung-github\oop_final_project\final_project\x64\debug\charcterdata.obj
c:\users\hsiehyubin\source\repos\eric-hung-github\oop_final_project\final_project\x64\debug\caracterskill.obj
c:\users\hsiehyubin\source\repos\eric-hung-github\oop_final_project\final_project\x64\debug\beingdata.obj
c:\users\hsiehyubin\source\repos\eric-hung-github\oop_final_project\final_project\x64\debug\being.obj
c:\users\hsiehyubin\source\repos\eric-hung-github\oop_final_project\final_project\x64\debug\action.obj
c:\users\hsiehyubin\source\repos\eric-hung-github\oop_final_project\x64\debug\final_project.ilk
c:\users\hsiehyubin\source\repos\eric-hung-github\oop_final_project\x64\debug\final_project.exe
c:\users\hsiehyubin\source\repos\eric-hung-github\oop_final_project\x64\debug\final_project.pdb
c:\users\hsiehyubin\source\repos\xioubin\oop_final_project\final_project\x64\debug\action.obj
c:\users\hsiehyubin\source\repos\xioubin\oop_final_project\final_project\x64\debug\being.obj
c:\users\hsiehyubin\source\repos\xioubin\oop_final_project\final_project\x64\debug\beingdata.obj
c:\users\hsiehyubin\source\repos\xioubin\oop_final_project\final_project\x64\debug\caracterskill.obj
c:\users\hsiehyubin\source\repos\xioubin\oop_final_project\final_project\x64\debug\character.obj
c:\users\hsiehyubin\source\repos\xioubin\oop_final_project\final_project\x64\debug\charcterdata.obj
c:\users\hsiehyubin\source\repos\xioubin\oop_final_project\final_project\x64\debug\final_project.obj
c:\users\hsiehyubin\source\repos\xioubin\oop_final_project\final_project\x64\debug\gloomhaven.obj
c:\users\hsiehyubin\source\repos\xioubin\oop_final_project\final_project\x64\debug\mapdata.obj
c:\users\hsiehyubin\source\repos\xioubin\oop_final_project\final_project\x64\debug\monster.obj
c:\users\hsiehyubin\source\repos\xioubin\oop_final_project\final_project\x64\debug\monsterdata.obj
c:\users\hsiehyubin\source\repos\xioubin\oop_final_project\final_project\x64\debug\monsterskill.obj
c:\users\hsiehyubin\source\repos\xioubin\oop_final_project\final_project\x64\debug\postition.obj
c:\users\hsiehyubin\source\repos\xioubin\oop_final_project\final_project\x64\debug\skill.obj
c:\users\hsiehyubin\source\repos\xioubin\oop_final_project\final_project\x64\debug\vc142.idb
c:\users\hsiehyubin\source\repos\xioubin\oop_final_project\final_project\x64\debug\vc142.pdb
c:\users\hsiehyubin\source\repos\xioubin\oop_final_project\x64\debug\final_project.pdb
c:\users\hsiehyubin\source\repos\xioubin\oop_final_project\x64\debug\final_project.exe
c:\users\hsiehyubin\source\repos\xioubin\oop_final_project\x64\debug\final_project.ilk
c:\users\hsiehyubin\source\repos\xioubin\oop_final_project\final_project\x64\debug\final_project.tlog\cl.command.1.tlog
c:\users\hsiehyubin\source\repos\xioubin\oop_final_project\final_project\x64\debug\final_project.tlog\cl.read.1.tlog
c:\users\hsiehyubin\source\repos\xioubin\oop_final_project\final_project\x64\debug\final_project.tlog\cl.write.1.tlog
c:\users\hsiehyubin\source\repos\xioubin\oop_final_project\final_project\x64\debug\final_project.tlog\link-cvtres.read.1.tlog
c:\users\hsiehyubin\source\repos\xioubin\oop_final_project\final_project\x64\debug\final_project.tlog\link-cvtres.write.1.tlog
c:\users\hsiehyubin\source\repos\xioubin\oop_final_project\final_project\x64\debug\final_project.tlog\link-rc.read.1.tlog
c:\users\hsiehyubin\source\repos\xioubin\oop_final_project\final_project\x64\debug\final_project.tlog\link-rc.write.1.tlog
c:\users\hsiehyubin\source\repos\xioubin\oop_final_project\final_project\x64\debug\final_project.tlog\link.command.1.tlog
c:\users\hsiehyubin\source\repos\xioubin\oop_final_project\final_project\x64\debug\final_project.tlog\link.read.1.tlog
c:\users\hsiehyubin\source\repos\xioubin\oop_final_project\final_project\x64\debug\final_project.tlog\link.write.1.tlog
