  Action.cpp
  Being.cpp
  BeingData.cpp
  CaracterSkill.cpp
  CharcterData.cpp
  GloomHaven.cpp
C:\Users\Hsiehyubin\source\repos\xioubin\oop_final_project\final_project\GloomHaven.cpp(412,17): warning C4101: 'anotherPLayPart': 未參考的區域變數
  MonsterData.cpp
  Skill.cpp
  Character.cpp
  final_project.cpp
C:\Users\Hsiehyubin\source\repos\xioubin\oop_final_project\final_project\final_project.cpp(62,16): error C2660: 'GloomHaven::execute': 函式不使用 0 引數
C:\Users\Hsiehyubin\source\repos\xioubin\oop_final_project\final_project\GloomHaven.h(62,7): message : 請參閱 'GloomHaven::execute' 的宣告
  MapData.cpp
  Monster.cpp
  MonsterSkill.cpp
  Postition.cpp
  正在產生程式碼...
C:\Users\Hsiehyubin\source\repos\xioubin\oop_final_project\final_project\Postition.cpp(27): warning C4172: 傳回區域變數或暫存的位址: rePos
C:\Users\Hsiehyubin\source\repos\xioubin\oop_final_project\final_project\MonsterSkill.cpp(84): warning C4715: 'enterMonsterAct': 不是所有控制路徑都傳回值
